FHIR IG Publisher Version 2.0.7 (Git# f2fdf4e51a8d). Built 2025-06-14T10:53:27.183Z (11 days old)
Detected Java version: 23-ea from /usr/local/openjdk-23 on amd64 (64bit). 4096MB available
dir = /workspace, path = /home/publisher/bin:/home/publisher/bin/ig-publisher-scripts:/home/publisher/.node/bin:/usr/local/openjdk-23/bin:/usr/local/sbin:/usr/local/bin:/usr/sbin:/usr/bin:/sbin:/bin
Parameters: -go-publish -package-cache-folder /workspace/fhir-package-cache -source /workspace/source -web /workspace/webroot -temp /workspace/temp -registry /workspace/ig-registry/fhir-ig-list.json -history /workspace/history-template -templates /workspace/webroot/templates
---------------
Publication Run: publish /workspace/source to /workspace/webroot
Relative directory for IG is '/pcmt'
===== Web Publication Run Details ===============================
 Source IG: smart.who.int.pcmt#0.1.0 : http://smart.who.int/pcmt (R4) from /workspace/source
All checks passed. Do the publication build from /workspace/source and publish to /workspace/temp/web-root/run-20250625/pcmt
Prepare Build space in /workspace/temp/ig-builds/smart.who.int.pcmt#0.1.0
Build IG at /workspace/source: final copy suitable for publication (in /workspace/temp/ig-builds/smart.who.int.pcmt#0.1.0)
FHIR IG Publisher Version 2.0.7 (Git# f2fdf4e51a8d). Built 2025-06-14T10:53:27.183Z (11 days old)   
Detected Java version: 23-ea from /usr/local/openjdk-23 on Linux/amd64 (64bit). 4096MB available    
dir = /workspace, path = /home/publisher/bin:/home/publisher/bin/ig-publisher-scripts:/home/publisher/.node/bin:/usr/local/openjdk-23/bin:/usr/local/sbin:/usr/local/bin:/usr/sbin:/usr/bin:/sbin:/bin
Parameters: -ig /workspace/temp/ig-builds/smart.who.int.pcmt#0.1.0 -resetTx -publish http://smart.who.int/pcmt/v0.1.0 -no-exit
Character encoding = UTF-8 / UTF-8                                                                  
Start Clock @ Wednesday, June 25, 2025, 12:59:37 PM Coordinated Universal Time (2025-06-25T12:59:37Z)
                                                                                                    
Build FHIR IG from /workspace/temp/ig-builds/smart.who.int.pcmt#0.1.0                                (00:00.022 / 00:00.023, 22Mb)
Build Formal Publication package, intended for http://smart.who.int/pcmt/v0.1.0                      (00:00.002 / 00:00.025, 22Mb)
API keys loaded from /home/publisher/.fhir/fhir-settings.json                                        (00:00.001 / 00:00.027, 22Mb)
Package Cache: /home/publisher/.fhir/packages                                                        (00:00.003 / 00:00.030, 23Mb)
Found dependency on smart.who.int.base#0.1.0 in Sushi config. Pre-installing                         (00:00.003 / 00:00.033, 23Mb)
[39mInstalling smart.who.int.base#0.1.0 to the package cache
[0;39m[39m  Fetching:
[0;39m[39m
[0;39m[39mInstalling smart.who.int.base#0.1.0
[0;39m[39m done.
[0;39mRun Sushi on /workspace/temp/ig-builds/smart.who.int.pcmt#0.1.0                                      (00:00.726 / 00:00.760, 40Mb)
Sushi: info  Running SUSHI v3.16.0 (implements FHIR Shorthand specification v3.0.0)                  (00:00.467 / 00:01.228, 22Mb)
Sushi: info  Arguments:                                                                              (00:00.001 / 00:01.229, 22Mb)
Sushi: info    --require-latest                                                                      (00:00.000 / 00:01.230, 22Mb)
Sushi: info    --out /workspace/temp/ig-builds/smart.who.int.pcmt#0.1.0                              (00:00.000 / 00:01.231, 22Mb)
Sushi: info    /workspace/temp/ig-builds/smart.who.int.pcmt#0.1.0                                    (00:00.000 / 00:01.232, 22Mb)
Sushi: info  Using configuration file: /workspace/temp/ig-builds/smart.who.int.pcmt#0.1.0/sushi-config.yaml (00:00.382 / 00:01.615, 22Mb)
Sushi: info  Importing FSH text...                                                                   (00:00.104 / 00:01.719, 22Mb)
Sushi: info  Preprocessed 19 documents with 13 aliases.                                              (00:00.112 / 00:01.832, 22Mb)
Sushi: info  Imported 14 definitions and 0 instances.                                                (00:00.010 / 00:01.843, 22Mb)
Sushi: warn  Detected FSH entity definitions with duplicate names. While FSH allows for duplicate names across entity types, they can lead to ambiguous results when referring to these entities by name elsewhere (e.g., in references). Consider using unique names in FSH declarations and assigning duplicated names using caret assignment rules instead. Detected duplicate names: AttributeType, ProductRelationship, Status. (00:00.003 / 00:01.847, 22Mb)
Sushi: info  Loaded virtual package sushi-r5forR4#1.0.0 with 7 resources                             (00:00.096 / 00:01.944, 22Mb)
Sushi: info  Resolved hl7.fhir.uv.tools.r4#latest to concrete version 0.5.0                          (00:00.567 / 00:02.511, 22Mb)
Sushi: info  Attempting to download hl7.fhir.uv.tools.r4#0.5.0 from https://packages.fhir.org/hl7.fhir.uv.tools.r4/0.5.0 (00:00.000 / 00:02.512, 22Mb)
Sushi: info  Downloaded hl7.fhir.uv.tools.r4#0.5.0                                                   (00:00.332 / 00:02.844, 22Mb)
Sushi: info  Cached hl7.fhir.uv.tools.r4#0.5.0 to /home/publisher/.fhir/packages/hl7.fhir.uv.tools.r4#0.5.0 (00:00.001 / 00:02.846, 22Mb)
Sushi: info  Loaded hl7.fhir.uv.tools.r4#0.5.0 with 88 resources                                     (00:00.042 / 00:02.889, 22Mb)
Sushi: info  Resolved hl7.terminology.r4#latest to concrete version 6.4.0                            (00:00.128 / 00:03.017, 22Mb)
Sushi: info  Attempting to download hl7.terminology.r4#6.4.0 from https://packages.fhir.org/hl7.terminology.r4/6.4.0 (00:00.000 / 00:03.018, 22Mb)
Sushi: info  Downloaded hl7.terminology.r4#6.4.0                                                     (00:01.396 / 00:04.414, 22Mb)
Sushi: info  Cached hl7.terminology.r4#6.4.0 to /home/publisher/.fhir/packages/hl7.terminology.r4#6.4.0 (00:00.001 / 00:04.415, 22Mb)
Sushi: info  Loaded hl7.terminology.r4#6.4.0 with 4381 resources                                     (00:00.981 / 00:05.397, 22Mb)
Sushi: info  Resolved hl7.fhir.uv.extensions.r4#latest to concrete version 5.2.0                     (00:00.120 / 00:05.518, 22Mb)
Sushi: info  Attempting to download hl7.fhir.uv.extensions.r4#5.2.0 from https://packages.fhir.org/hl7.fhir.uv.extensions.r4/5.2.0 (00:00.001 / 00:05.519, 22Mb)
Sushi: info  Downloaded hl7.fhir.uv.extensions.r4#5.2.0                                              (00:00.407 / 00:05.927, 23Mb)
Sushi: info  Cached hl7.fhir.uv.extensions.r4#5.2.0 to /home/publisher/.fhir/packages/hl7.fhir.uv.extensions.r4#5.2.0 (00:00.000 / 00:05.928, 23Mb)
Sushi: info  Loaded hl7.fhir.uv.extensions.r4#5.2.0 with 759 resources                               (00:00.182 / 00:06.111, 23Mb)
Sushi: info  Loaded smart.who.int.base#0.1.0 with 17 resources                                       (00:00.012 / 00:06.123, 23Mb)
Sushi: info  Attempting to download ihe.iti.mcsd#4.0.0 from https://packages.fhir.org/ihe.iti.mcsd/4.0.0 (00:00.000 / 00:06.124, 23Mb)
Sushi: info  Downloaded ihe.iti.mcsd#4.0.0                                                           (00:00.146 / 00:06.270, 23Mb)
Sushi: info  Cached ihe.iti.mcsd#4.0.0 to /home/publisher/.fhir/packages/ihe.iti.mcsd#4.0.0          (00:00.001 / 00:06.271, 23Mb)
Sushi: info  Loaded ihe.iti.mcsd#4.0.0 with 48 resources                                             (00:00.022 / 00:06.293, 23Mb)
Sushi: info  Attempting to download hl7.fhir.r4.core#4.0.1 from https://packages.fhir.org/hl7.fhir.r4.core/4.0.1 (00:00.001 / 00:06.294, 23Mb)
Sushi: info  Downloaded hl7.fhir.r4.core#4.0.1                                                       (00:01.112 / 00:07.407, 23Mb)
Sushi: info  Cached hl7.fhir.r4.core#4.0.1 to /home/publisher/.fhir/packages/hl7.fhir.r4.core#4.0.1  (00:00.000 / 00:07.407, 23Mb)
Sushi: info  Loaded hl7.fhir.r4.core#4.0.1 with 4581 resources                                       (00:00.892 / 00:08.300, 23Mb)
Sushi: info  Found 1 non-JSON / non-XML file(s) in directory: /workspace/temp/ig-builds/smart.who.int.pcmt#0.1.0/input/examples. Only resource files with JSON or XML extensions are supported. To see the skipped files in the logs, use debug logging. (00:00.010 / 00:08.310, 23Mb)
Sushi: info  Found 1 non-JSON / non-XML file(s) in directory: /workspace/temp/ig-builds/smart.who.int.pcmt#0.1.0/input/extensions. Only resource files with JSON or XML extensions are supported. To see the skipped files in the logs, use debug logging. (00:00.001 / 00:08.312, 23Mb)
Sushi: info  Found 1 non-JSON / non-XML file(s) in directory: /workspace/temp/ig-builds/smart.who.int.pcmt#0.1.0/input/models. Only resource files with JSON or XML extensions are supported. To see the skipped files in the logs, use debug logging. (00:00.003 / 00:08.315, 23Mb)
Sushi: info  Found 1 non-JSON / non-XML file(s) in directory: /workspace/temp/ig-builds/smart.who.int.pcmt#0.1.0/input/profiles. Only resource files with JSON or XML extensions are supported. To see the skipped files in the logs, use debug logging. (00:00.001 / 00:08.317, 23Mb)
Sushi: info  Found 1 non-JSON / non-XML file(s) in directory: /workspace/temp/ig-builds/smart.who.int.pcmt#0.1.0/input/resources. Only resource files with JSON or XML extensions are supported. To see the skipped files in the logs, use debug logging. (00:00.001 / 00:08.319, 23Mb)
Sushi: info  Found 1 non-JSON / non-XML file(s) in directory: /workspace/temp/ig-builds/smart.who.int.pcmt#0.1.0/input/vocabulary. Only resource files with JSON or XML extensions are supported. To see the skipped files in the logs, use debug logging. (00:00.001 / 00:08.320, 23Mb)
Sushi: info  Loaded virtual package sushi-local#LOCAL with 0 resources                               (00:00.001 / 00:08.321, 23Mb)
Sushi: info  Converting FSH to FHIR resources...                                                     (00:00.010 / 00:08.332, 23Mb)
Sushi: info  Converted 4 FHIR StructureDefinitions.                                                  (00:00.381 / 00:08.714, 23Mb)
Sushi: info  Converted 5 FHIR CodeSystems.                                                           (00:00.021 / 00:08.735, 23Mb)
Sushi: info  Converted 5 FHIR ValueSets.                                                             (00:00.029 / 00:08.765, 23Mb)
Sushi: info  Exporting FHIR resources as JSON...                                                     (00:00.000 / 00:08.766, 23Mb)
Sushi: info  Exported 14 FHIR resources as JSON.                                                     (00:00.016 / 00:08.782, 23Mb)
Sushi: info  Assembling Implementation Guide sources...                                              (00:00.001 / 00:08.784, 23Mb)
Sushi: info  Generated ImplementationGuide-smart.who.int.pcmt.json                                   (00:00.024 / 00:08.809, 23Mb)
Sushi: info  Assembled Implementation Guide sources; ready for IG Publisher.                         (00:00.000 / 00:08.809, 23Mb)
Sushi: ========================= SUSHI RESULTS ===========================                           (00:00.000 / 00:08.810, 23Mb)
Sushi: |  -------------------------------------------------------------  |                           (00:00.000 / 00:08.811, 23Mb)
Sushi: | |    Profiles   |  Extensions  |   Logicals   |   Resources   | |                           (00:00.000 / 00:08.811, 23Mb)
Sushi: | |-------------------------------------------------------------| |                           (00:00.000 / 00:08.812, 23Mb)
Sushi: | |       1       |      1       |      2       |       0       | |                           (00:00.000 / 00:08.813, 23Mb)
Sushi: |  -------------------------------------------------------------  |                           (00:00.001 / 00:08.814, 23Mb)
Sushi: |  -------------------------------------------------------------  |                           (00:00.000 / 00:08.815, 23Mb)
Sushi: | |      ValueSets     |    CodeSystems    |     Instances      | |                           (00:00.000 / 00:08.816, 23Mb)
Sushi: | |-------------------------------------------------------------| |                           (00:00.000 / 00:08.816, 23Mb)
Sushi: | |         5          |         5         |         0          | |                           (00:00.000 / 00:08.817, 23Mb)
Sushi: |  -------------------------------------------------------------  |                           (00:00.000 / 00:08.818, 23Mb)
Sushi: |                                                                 |                           (00:00.000 / 00:08.819, 23Mb)
Sushi: ===================================================================                           (00:00.000 / 00:08.820, 23Mb)
Sushi: | Don't be koi about asking for help.    0 Errors       1 Warning |                           (00:00.000 / 00:08.820, 23Mb)
Sushi: ===================================================================                           (00:00.000 / 00:08.821, 23Mb)
Unable to load IG as an r5 IG - try R4 (property code is a class com.google.gson.JsonPrimitive looking for an object) (00:00.529 / 00:09.351, 42Mb)
Load Template from who.template.root#current                                                         (00:00.519 / 00:09.870, 33Mb)
[39mInstalling who.template.root#current to the package cache
[0;39m[39m  Fetching:
[0;39m[39m
[0;39m[39mInstalling who.template.root#current
[0;39m[39m done.
[0;39m Load Template from fhir.base.template#current                                                       (00:00.850 / 00:10.721, 62Mb)
[39mInstalling fhir.base.template#current to the package cache
[0;39m[39m  Fetching:
[0;39m[39m
[0;39m[39mInstalling fhir.base.template#current
[0;39m[39m done.
[0;39mRoot directory: /workspace/temp/ig-builds/smart.who.int.pcmt#0.1.0                                   (00:03.273 / 00:13.995, 107Mb)
Terminology Cache is at /workspace/temp/ig-builds/smart.who.int.pcmt#0.1.0/input-cache/txcache. Clearing now (00:00.445 / 00:14.440, 124Mb)
Core Package hl7.fhir.r4.core#4.0.1
Running Terminology Log: /tmp/ohfu-fhir-ig-10688133573579292745.html
Connect to Terminology Server at http://tx.fhir.org                                                  (00:13.939 / 00:28.379, 391Mb)
[39mInstalling hl7.fhir.pubpack#0.2.3 to the package cache
[0;39m[39m  Fetching:
[0;39m[39m
[0;39m[39mInstalling hl7.fhir.pubpack#0.2.3
[0;39m[39m done.
[0;39m[39mLoad Package hl7.fhir.pubpack#0.2.3
[0;39m[39mInstalling hl7.fhir.xver-extensions#0.1.0 to the package cache
[0;39m[39m  Fetching:
[0;39m[39m
[0;39m[39mInstalling hl7.fhir.xver-extensions#0.1.0
[0;39m[39m done.
[0;39m[39mLoad Package hl7.fhir.xver-extensions#0.1.0
[0;39m[39mLoad Package hl7.terminology.r4#6.4.0
[0;39m[39mLoad Package hl7.fhir.uv.extensions.r4#5.2.0
[0;39m[39mInstalling hl7.terminology#5.5.0 to the package cache
[0;39m[39m  Fetching:
[0;39m[39m
[0;39m[39mInstalling hl7.terminology#5.5.0
[0;39m[39m done.
[0;39m[39mInstalling hl7.fhir.uv.extensions.r4#1.0.0 to the package cache
[0;39m[39m  Fetching:
[0;39m[39m
[0;39m[39mInstalling hl7.fhir.uv.extensions.r4#1.0.0
[0;39m[39m done.
[0;39m[39mLoad Package hl7.fhir.uv.extensions.r4#1.0.0
[0;39m[39mLoad Package hl7.terminology#5.5.0
[0;39m[39mInstalling hl7.fhir.uv.extensions.r4#5.1.0 to the package cache
[0;39m[39m  Fetching:
[0;39m[39m
[0;39m[39mInstalling hl7.fhir.uv.extensions.r4#5.1.0
[0;39m[39m done.
[0;39m[39mLoad Package hl7.fhir.uv.extensions.r4#5.1.0
[0;39m[39mInstalling hl7.fhir.uv.cql#1.0.0 to the package cache
[0;39m[39m  Fetching:
[0;39m[39m
[0;39m[39mInstalling hl7.fhir.uv.cql#1.0.0
[0;39m[39m done.
[0;39m[39mLoad Package hl7.fhir.uv.cql#1.0.0
[0;39m[39mInstalling hl7.fhir.uv.crmi#1.0.0 to the package cache
[0;39m[39m  Fetching:
[0;39m[39m
[0;39m[39mInstalling hl7.fhir.uv.crmi#1.0.0
[0;39m[39m done.
[0;39m[39mLoad Package hl7.fhir.uv.crmi#1.0.0
[0;39m[39mInstalling hl7.fhir.uv.sdc#3.0.0 to the package cache
[0;39m[39m  Fetching:
[0;39m[39m
[0;39m[39mInstalling hl7.fhir.uv.sdc#3.0.0
[0;39m[39m done.
[0;39mIgnore Dependency on Core FHIR hl7.fhir.r4.examples#4.0.1, from package 'hl7.fhir.uv.sdc#3.0.0'      (00:14.642 / 00:43.022, 477Mb)
[39mLoad Package hl7.fhir.uv.sdc#3.0.0
[0;39m[39mLoad Package smart.who.int.base#0.1.0
[0;39m[39mInstalling hl7.terminology.r4#6.3.0 to the package cache
[0;39m[39m  Fetching:
[0;39m[39m
[0;39m[39mInstalling hl7.terminology.r4#6.3.0
[0;39m[39m done.
[0;39m[39mLoad Package hl7.terminology.r4#6.3.0
[0;39m[39mInstalling ihe.iti.balp#1.1.3 to the package cache
[0;39m[39m  Fetching:
[0;39m[39m
[0;39m[39mInstalling ihe.iti.balp#1.1.3
[0;39m[39m done.
[0;39m[39mInstalling hl7.terminology.r4#5.3.0 to the package cache
[0;39m[39m  Fetching:
[0;39m[39m
[0;39m[39mInstalling hl7.terminology.r4#5.3.0
[0;39m[39m done.
[0;39m[39mLoad Package hl7.terminology.r4#5.3.0
[0;39m[39mLoad Package ihe.iti.balp#1.1.3
[0;39m[39mLoad Package ihe.iti.mcsd#4.0.0
[0;39m[39mLoad Package hl7.fhir.uv.tools.r4#0.5.0
[0;39mLoad R5 Specials
[39mInstalling hl7.fhir.r5.core#5.0.0 to the package cache
[0;39m[39m  Fetching:
[0;39m[39m
[0;39m[39mInstalling hl7.fhir.r5.core#5.0.0
[0;39m[39m done.
[0;39mInitialization complete                                                                              (00:09.361 / 00:52.384, 793Mb)
Load IG                                                                                              (00:00.001 / 00:52.385, 793Mb)
Load Content                                                                                         (00:00.001 / 00:52.386, 793Mb)
Using en-US as the default narrative language. (no language information in Implementation Guide)     (00:00.121 / 00:52.508, 764Mb)
Process Loaded Resources                                                                             (00:01.194 / 00:53.702, 782Mb)
Generating Snapshots                                                                                 (00:00.097 / 00:53.799, 800Mb)
loadPrePages from FetchedFile[/workspace/temp/ig-builds/smart.who.int.pcmt#0.1.0/fsh-generated/includes] as /workspace/temp/ig-builds/smart.who.int.pcmt#0.1.0/fsh-generated/includes
loadPrePages from FetchedFile[/workspace/temp/ig-builds/smart.who.int.pcmt#0.1.0/input/data] as /workspace/temp/ig-builds/smart.who.int.pcmt#0.1.0/input/data
loadPrePages from FetchedFile[/workspace/temp/ig-builds/smart.who.int.pcmt#0.1.0/input/pagecontent] as /workspace/temp/ig-builds/smart.who.int.pcmt#0.1.0/input/pagecontent
Fetch http://smart.who.int/pcmt/package-list.json for version check                                  (00:00.245 / 00:54.045, 867Mb)
Processing Conformance Resources                                                                     (00:00.705 / 00:54.751, 870Mb)
Checking Language                                                                                    (00:00.000 / 00:54.752, 870Mb)
Load Dependency Info                                                                                 (00:00.001 / 00:54.753, 870Mb)
Load Info                                                                                            (00:00.001 / 00:54.754, 870Mb)
Load Paths                                                                                           (00:00.000 / 00:54.755, 871Mb)
Check R4 / R4B                                                                                       (00:00.000 / 00:54.756, 871Mb)
Assign Comparison Ids                                                                                (00:00.011 / 00:54.767, 873Mb)
Propagating status                                                                                   (00:00.000 / 00:54.767, 873Mb)
Generating Narratives                                                                                (00:00.000 / 00:54.768, 873Mb)
Validating Conformance Resources                                                                     (00:00.746 / 00:55.514, 1017Mb)
Check profiles & code systems                                                                        (00:15.707 / 01:11.222, 698Mb)
Check realm rules                                                                                    (00:00.002 / 01:11.225, 698Mb)
Previous Version Comparison                                                                          (00:00.000 / 01:11.225, 698Mb)
Validating Resources                                                                                 (00:00.013 / 01:11.239, 700Mb)
Processing Provenance Records                                                                        (00:00.002 / 01:11.241, 700Mb)
Checking for Bundles to sign                                                                         (00:00.000 / 01:11.242, 700Mb)
Generating Outputs in /workspace/temp/ig-builds/smart.who.int.pcmt#0.1.0/output                      (00:00.000 / 01:11.243, 700Mb)
Generate Native Outputs                                                                              (00:00.122 / 01:11.365, 707Mb)
Run Template                                                                                         (00:00.831 / 01:12.196, 821Mb)
Generate HTML Outputs                                                                                (00:01.609 / 01:13.805, 871Mb)
Generate Spreadsheets                                                                                (00:07.199 / 01:21.005, 1Gb)
Generate Summaries                                                                                   (00:01.582 / 01:22.587, 1Gb)
Generating Summary Outputs                                                                           (00:00.001 / 01:22.588, 1Gb)
DB Cumulative Time invested: 00:00:00.225
Sending Usage Stats to Server                                                                        (00:11.672 / 01:34.261, 1Gb)
## Memory (MB): Use = 1472, Free = 680, Total = 2152, Max = 4096                                     (00:00.005 / 01:34.267, 1Gb)
Reclaiming memory...                                                                                 (00:00.000 / 01:34.267, 1Gb)
## Memory (MB): Use = 1147, Free = 1004, Total = 2152, Max = 4096                                    (00:00.541 / 01:34.809, 1Gb)
Run jekyll: jekyll build --destination "/workspace/temp/ig-builds/smart.who.int.pcmt#0.1.0/output" (in folder /workspace/temp/ig-builds/smart.who.int.pcmt#0.1.0/temp/pages) (00:00.002 / 01:34.811, 1Gb)
Troubleshooting Note: usual cases for Jekyll to fail are:                                            (00:00.000 / 01:34.812, 1Gb)
* A failure to produce a fragment that is already logged in the output above                         (00:00.000 / 01:34.813, 1Gb)
* A reference to a manually edited file that hasn't been provided                                    (00:00.000 / 01:34.813, 1Gb)
Jekyll: Source: /workspace/temp/ig-builds/smart.who.int.pcmt#0.1.0/temp/pages                        (00:00.359 / 01:35.173, 1Gb)
Jekyll: Generating...                                                                                (00:00.000 / 01:35.174, 1Gb)
Jekyll: done in 0.811 seconds.                                                                       (00:00.810 / 01:35.984, 1Gb)
[39m
[0;39m[39mInstalling smart.who.int.pcmt#0.1.0
[0;39m[39m done.
[0;39mChecking Output HTML                                                                                 (00:00.807 / 01:36.792, 1Gb)
found 764 files                                                                                      (00:00.005 / 01:36.797, 1Gb)
........................................
........................................
  ... 764 html files, 0 pages invalid xhtml (0%)                                                     (00:03.241 / 01:40.039, 1Gb)
  ... 34730 links, 6 broken links (0%)                                                               (00:00.000 / 01:40.039, 1Gb)
Generate fragment-usage-analysis.csv                                                                 (00:00.000 / 01:40.040, 1Gb)
Build final .zip                                                                                     (00:00.006 / 01:40.047, 1Gb)
Final .zip built                                                                                     (00:00.750 / 01:40.797, 1Gb)
[39mInstalling hl7.fhir.r4.examples#4.0.1 to the package cache
[0;39m[39m  Fetching:
[0;39m[39m
[0;39m[39mInstalling hl7.fhir.r4.examples#4.0.1
[0;39m[39m done.
[0;39mBuilt. Times: loading: 00:02.365, generate: 01:03.688, narrative generation: 00:00.745, realm-rules: 00:00.000, previous-version: 00:00.000, jekyll: 00:01.183, validation: 00:15.706 (#15), template: 00:01.617 (#3) (00:17.643 / 01:58.440, 2Gb)
Generating QA                                                                                        (00:00.001 / 01:58.442, 2Gb)
Validation output in /workspace/temp/ig-builds/smart.who.int.pcmt#0.1.0/output/qa.html
Errors: 0, Warnings: 26, Info: 6, Broken Links: 6 (00:00.171 / 01:58.613, 2Gb)
Finished @ 6/25/25, 1:01 PM. Max Memory Used = 2Gb. Log file saved in /tmp/fhir-ig-publisher-tmp.log (00:00.014 / 01:58.628, 2Gb)
Prepare Build space in /workspace/temp/ig-builds/smart.who.int.pcmt#0.1.0-milestone
Build IG at /workspace/source: final copy suitable for publication (in /workspace/temp/ig-builds/smart.who.int.pcmt#0.1.0-milestone) (milestone build)
FHIR IG Publisher Version 2.0.7 (Git# f2fdf4e51a8d). Built 2025-06-14T10:53:27.183Z (11 days old)   
Detected Java version: 23-ea from /usr/local/openjdk-23 on Linux/amd64 (64bit). 4096MB available    
dir = /workspace, path = /home/publisher/bin:/home/publisher/bin/ig-publisher-scripts:/home/publisher/.node/bin:/usr/local/openjdk-23/bin:/usr/local/sbin:/usr/local/bin:/usr/sbin:/usr/bin:/sbin:/bin
Parameters: -ig /workspace/temp/ig-builds/smart.who.int.pcmt#0.1.0-milestone -publish http://smart.who.int/pcmt/v0.1.0 -milestone -no-exit
Character encoding = UTF-8 / UTF-8                                                                  
Start Clock @ Wednesday, June 25, 2025, 1:01:38 PM Coordinated Universal Time (2025-06-25T13:01:38Z)
                                                                                                    
Build FHIR IG from /workspace/temp/ig-builds/smart.who.int.pcmt#0.1.0-milestone                      (00:00.002 / 00:00.002, 2Gb)
Build Formal Publication package, intended for http://smart.who.int/pcmt/v0.1.0                      (00:00.000 / 00:00.002, 2Gb)
API keys loaded from /home/publisher/.fhir/fhir-settings.json                                        (00:00.000 / 00:00.003, 2Gb)
Package Cache: /home/publisher/.fhir/packages                                                        (00:00.000 / 00:00.003, 2Gb)
Run Sushi on /workspace/temp/ig-builds/smart.who.int.pcmt#0.1.0-milestone                            (00:00.000 / 00:00.004, 2Gb)
Sushi: info  Running SUSHI v3.16.0 (implements FHIR Shorthand specification v3.0.0)                  (00:00.429 / 00:00.434, 2Gb)
Sushi: info  Arguments:                                                                              (00:00.000 / 00:00.434, 2Gb)
Sushi: info    --require-latest                                                                      (00:00.000 / 00:00.435, 2Gb)
Sushi: info    --out /workspace/temp/ig-builds/smart.who.int.pcmt#0.1.0-milestone                    (00:00.000 / 00:00.436, 2Gb)
Sushi: info    /workspace/temp/ig-builds/smart.who.int.pcmt#0.1.0-milestone                          (00:00.000 / 00:00.436, 2Gb)
Sushi: info  Using configuration file: /workspace/temp/ig-builds/smart.who.int.pcmt#0.1.0-milestone/sushi-config.yaml (00:00.382 / 00:00.819, 2Gb)
Sushi: info  Importing FSH text...                                                                   (00:00.103 / 00:00.923, 2Gb)
Sushi: info  Preprocessed 19 documents with 13 aliases.                                              (00:00.116 / 00:01.040, 2Gb)
Sushi: info  Imported 14 definitions and 0 instances.                                                (00:00.009 / 00:01.050, 2Gb)
Sushi: warn  Detected FSH entity definitions with duplicate names. While FSH allows for duplicate names across entity types, they can lead to ambiguous results when referring to these entities by name elsewhere (e.g., in references). Consider using unique names in FSH declarations and assigning duplicated names using caret assignment rules instead. Detected duplicate names: AttributeType, ProductRelationship, Status. (00:00.004 / 00:01.054, 2Gb)
Sushi: info  Loaded virtual package sushi-r5forR4#1.0.0 with 7 resources                             (00:00.084 / 00:01.139, 2Gb)
Sushi: info  Resolved hl7.fhir.uv.tools.r4#latest to concrete version 0.5.0                          (00:00.536 / 00:01.675, 2Gb)
Sushi: info  Loaded hl7.fhir.uv.tools.r4#0.5.0 with 88 resources                                     (00:00.041 / 00:01.717, 2Gb)
Sushi: info  Resolved hl7.terminology.r4#latest to concrete version 6.4.0                            (00:00.124 / 00:01.841, 2Gb)
Sushi: info  Loaded hl7.terminology.r4#6.4.0 with 4381 resources                                     (00:01.007 / 00:02.848, 2Gb)
Sushi: info  Resolved hl7.fhir.uv.extensions.r4#latest to concrete version 5.2.0                     (00:00.125 / 00:02.974, 2Gb)
Sushi: info  Loaded hl7.fhir.uv.extensions.r4#5.2.0 with 759 resources                               (00:00.181 / 00:03.156, 2Gb)
Sushi: info  Loaded smart.who.int.base#0.1.0 with 17 resources                                       (00:00.012 / 00:03.168, 2Gb)
Sushi: info  Loaded ihe.iti.mcsd#4.0.0 with 48 resources                                             (00:00.022 / 00:03.191, 2Gb)
Sushi: info  Loaded hl7.fhir.r4.core#4.0.1 with 4581 resources                                       (00:00.915 / 00:04.106, 2Gb)
Sushi: info  Found 1 non-JSON / non-XML file(s) in directory: /workspace/temp/ig-builds/smart.who.int.pcmt#0.1.0-milestone/input/examples. Only resource files with JSON or XML extensions are supported. To see the skipped files in the logs, use debug logging. (00:00.009 / 00:04.115, 2Gb)
Sushi: info  Found 1 non-JSON / non-XML file(s) in directory: /workspace/temp/ig-builds/smart.who.int.pcmt#0.1.0-milestone/input/extensions. Only resource files with JSON or XML extensions are supported. To see the skipped files in the logs, use debug logging. (00:00.001 / 00:04.117, 2Gb)
Sushi: info  Found 1 non-JSON / non-XML file(s) in directory: /workspace/temp/ig-builds/smart.who.int.pcmt#0.1.0-milestone/input/models. Only resource files with JSON or XML extensions are supported. To see the skipped files in the logs, use debug logging. (00:00.001 / 00:04.119, 2Gb)
Sushi: info  Found 1 non-JSON / non-XML file(s) in directory: /workspace/temp/ig-builds/smart.who.int.pcmt#0.1.0-milestone/input/profiles. Only resource files with JSON or XML extensions are supported. To see the skipped files in the logs, use debug logging. (00:00.001 / 00:04.120, 2Gb)
Sushi: info  Found 1 non-JSON / non-XML file(s) in directory: /workspace/temp/ig-builds/smart.who.int.pcmt#0.1.0-milestone/input/resources. Only resource files with JSON or XML extensions are supported. To see the skipped files in the logs, use debug logging. (00:00.001 / 00:04.122, 2Gb)
Sushi: info  Found 1 non-JSON / non-XML file(s) in directory: /workspace/temp/ig-builds/smart.who.int.pcmt#0.1.0-milestone/input/vocabulary. Only resource files with JSON or XML extensions are supported. To see the skipped files in the logs, use debug logging. (00:00.001 / 00:04.123, 2Gb)
Sushi: info  Loaded virtual package sushi-local#LOCAL with 0 resources                               (00:00.001 / 00:04.124, 2Gb)
Sushi: info  Converting FSH to FHIR resources...                                                     (00:00.012 / 00:04.137, 2Gb)
Sushi: info  Converted 4 FHIR StructureDefinitions.                                                  (00:00.386 / 00:04.524, 2Gb)
Sushi: info  Converted 5 FHIR CodeSystems.                                                           (00:00.022 / 00:04.546, 2Gb)
Sushi: info  Converted 5 FHIR ValueSets.                                                             (00:00.029 / 00:04.576, 2Gb)
Sushi: info  Exporting FHIR resources as JSON...                                                     (00:00.000 / 00:04.576, 2Gb)
Sushi: info  Exported 14 FHIR resources as JSON.                                                     (00:00.014 / 00:04.591, 2Gb)
Sushi: info  Assembling Implementation Guide sources...                                              (00:00.001 / 00:04.592, 2Gb)
Sushi: info  Generated ImplementationGuide-smart.who.int.pcmt.json                                   (00:00.026 / 00:04.618, 2Gb)
Sushi: info  Assembled Implementation Guide sources; ready for IG Publisher.                         (00:00.000 / 00:04.619, 2Gb)
Sushi: ========================= SUSHI RESULTS ===========================                           (00:00.000 / 00:04.620, 2Gb)
Sushi: |  -------------------------------------------------------------  |                           (00:00.000 / 00:04.620, 2Gb)
Sushi: | |    Profiles   |  Extensions  |   Logicals   |   Resources   | |                           (00:00.000 / 00:04.621, 2Gb)
Sushi: | |-------------------------------------------------------------| |                           (00:00.000 / 00:04.622, 2Gb)
Sushi: | |       1       |      1       |      2       |       0       | |                           (00:00.000 / 00:04.622, 2Gb)
Sushi: |  -------------------------------------------------------------  |                           (00:00.000 / 00:04.623, 2Gb)
Sushi: |  -------------------------------------------------------------  |                           (00:00.000 / 00:04.623, 2Gb)
Sushi: | |      ValueSets     |    CodeSystems    |     Instances      | |                           (00:00.000 / 00:04.624, 2Gb)
Sushi: | |-------------------------------------------------------------| |                           (00:00.000 / 00:04.625, 2Gb)
Sushi: | |         5          |         5         |         0          | |                           (00:00.000 / 00:04.625, 2Gb)
Sushi: |  -------------------------------------------------------------  |                           (00:00.000 / 00:04.626, 2Gb)
Sushi: |                                                                 |                           (00:00.000 / 00:04.627, 2Gb)
Sushi: ===================================================================                           (00:00.000 / 00:04.627, 2Gb)
Sushi: | Don't be koi about asking for help.    0 Errors       1 Warning |                           (00:00.000 / 00:04.628, 2Gb)
Sushi: ===================================================================                           (00:00.000 / 00:04.629, 2Gb)
Unable to load IG as an r5 IG - try R4 (property code is a class com.google.gson.JsonPrimitive looking for an object) (00:00.012 / 00:04.641, 2Gb)
Load Template from who.template.root#current                                                         (00:00.019 / 00:04.661, 2Gb)
 Load Template from fhir.base.template#current                                                       (00:00.414 / 00:05.075, 2Gb)
Root directory: /workspace/temp/ig-builds/smart.who.int.pcmt#0.1.0-milestone                         (00:01.791 / 00:06.867, 1Gb)
Terminology Cache is at /workspace/temp/ig-builds/smart.who.int.pcmt#0.1.0-milestone/input-cache/txcache. 7 files in cache (00:00.369 / 00:07.236, 1Gb)
Core Package hl7.fhir.r4.core#4.0.1
Running Terminology Log: /tmp/ohfu-fhir-ig-15756868859950332095.html
Connect to Terminology Server at http://tx.fhir.org                                                  (00:01.655 / 00:08.891, 1Gb)
[39mLoad Package hl7.fhir.pubpack#0.2.3
[0;39m[39mLoad Package hl7.fhir.xver-extensions#0.1.0
[0;39m[39mLoad Package hl7.terminology.r4#6.4.0
[0;39m[39mLoad Package hl7.fhir.uv.extensions.r4#5.2.0
[0;39m[39mLoad Package hl7.fhir.uv.extensions.r4#1.0.0
[0;39m[39mLoad Package hl7.terminology#5.5.0
[0;39m[39mLoad Package hl7.fhir.uv.extensions.r4#5.1.0
[0;39m[39mLoad Package hl7.fhir.uv.cql#1.0.0
[0;39m[39mLoad Package hl7.fhir.uv.crmi#1.0.0
[0;39mIgnore Dependency on Core FHIR hl7.fhir.r4.examples#4.0.1, from package 'hl7.fhir.uv.sdc#3.0.0'      (00:05.603 / 00:14.495, 1Gb)
[39mLoad Package hl7.fhir.uv.sdc#3.0.0
[0;39m[39mLoad Package smart.who.int.base#0.1.0
[0;39m[39mLoad Package hl7.terminology.r4#6.3.0
[0;39m[39mLoad Package hl7.terminology.r4#5.3.0
[0;39m[39mLoad Package ihe.iti.balp#1.1.3
[0;39m[39mLoad Package ihe.iti.mcsd#4.0.0
[0;39m[39mLoad Package hl7.fhir.uv.tools.r4#0.5.0
[0;39mLoad R5 Specials
Initialization complete                                                                              (00:04.090 / 00:18.585, 1Gb)
Load IG                                                                                              (00:00.001 / 00:18.586, 1Gb)
Load Content                                                                                         (00:00.000 / 00:18.587, 1Gb)
Using en-US as the default narrative language. (no language information in Implementation Guide)     (00:00.015 / 00:18.602, 1Gb)
Process Loaded Resources                                                                             (00:00.363 / 00:18.966, 1Gb)
Generating Snapshots                                                                                 (00:00.155 / 00:19.122, 1Gb)
loadPrePages from FetchedFile[/workspace/temp/ig-builds/smart.who.int.pcmt#0.1.0-milestone/fsh-generated/includes] as /workspace/temp/ig-builds/smart.who.int.pcmt#0.1.0-milestone/fsh-generated/includes
loadPrePages from FetchedFile[/workspace/temp/ig-builds/smart.who.int.pcmt#0.1.0-milestone/input/data] as /workspace/temp/ig-builds/smart.who.int.pcmt#0.1.0-milestone/input/data
loadPrePages from FetchedFile[/workspace/temp/ig-builds/smart.who.int.pcmt#0.1.0-milestone/input/pagecontent] as /workspace/temp/ig-builds/smart.who.int.pcmt#0.1.0-milestone/input/pagecontent
Fetch http://smart.who.int/pcmt/package-list.json for version check                                  (00:00.165 / 00:19.287, 1Gb)
Processing Conformance Resources                                                                     (00:00.025 / 00:19.313, 1Gb)
Checking Language                                                                                    (00:00.000 / 00:19.313, 1Gb)
Load Dependency Info                                                                                 (00:00.001 / 00:19.314, 1Gb)
Load Info                                                                                            (00:00.001 / 00:19.315, 1Gb)
Load Paths                                                                                           (00:00.001 / 00:19.317, 1Gb)
Check R4 / R4B                                                                                       (00:00.000 / 00:19.317, 1Gb)
Assign Comparison Ids                                                                                (00:00.006 / 00:19.324, 1Gb)
Propagating status                                                                                   (00:00.000 / 00:19.325, 1Gb)
Generating Narratives                                                                                (00:00.000 / 00:19.325, 1Gb)
Validating Conformance Resources                                                                     (00:00.342 / 00:19.668, 1Gb)
Check profiles & code systems                                                                        (00:14.682 / 00:34.350, 2Gb)
Check realm rules                                                                                    (00:00.001 / 00:34.352, 2Gb)
Previous Version Comparison                                                                          (00:00.000 / 00:34.352, 2Gb)
Validating Resources                                                                                 (00:00.007 / 00:34.359, 2Gb)
Processing Provenance Records                                                                        (00:00.002 / 00:34.362, 2Gb)
Checking for Bundles to sign                                                                         (00:00.000 / 00:34.362, 2Gb)
Generating Outputs in /workspace/temp/ig-builds/smart.who.int.pcmt#0.1.0-milestone/output            (00:00.000 / 00:34.363, 2Gb)
Generate Native Outputs                                                                              (00:00.070 / 00:34.433, 2Gb)
Run Template                                                                                         (00:00.700 / 00:35.134, 2Gb)
Generate HTML Outputs                                                                                (00:01.381 / 00:36.515, 2Gb)
Generate Spreadsheets                                                                                (00:04.469 / 00:40.985, 2Gb)
Generate Summaries                                                                                   (00:00.619 / 00:41.605, 1Gb)
Generating Summary Outputs                                                                           (00:00.000 / 00:41.605, 1Gb)
DB Cumulative Time invested: 00:00:00.146
Sending Usage Stats to Server                                                                        (00:10.620 / 00:52.226, 2Gb)
## Memory (MB): Use = 2777, Free = 1044, Total = 3822, Max = 4096                                    (00:00.001 / 00:52.227, 2Gb)
Reclaiming memory...                                                                                 (00:00.001 / 00:52.228, 2Gb)
## Memory (MB): Use = 2268, Free = 1553, Total = 3822, Max = 4096                                    (00:01.014 / 00:53.243, 2Gb)
Run jekyll: jekyll build --destination "/workspace/temp/ig-builds/smart.who.int.pcmt#0.1.0-milestone/output" (in folder /workspace/temp/ig-builds/smart.who.int.pcmt#0.1.0-milestone/temp/pages) (00:00.002 / 00:53.245, 2Gb)
Troubleshooting Note: usual cases for Jekyll to fail are:                                            (00:00.001 / 00:53.246, 2Gb)
* A failure to produce a fragment that is already logged in the output above                         (00:00.000 / 00:53.247, 2Gb)
* A reference to a manually edited file that hasn't been provided                                    (00:00.000 / 00:53.248, 2Gb)
Jekyll: Source: /workspace/temp/ig-builds/smart.who.int.pcmt#0.1.0-milestone/temp/pages              (00:00.347 / 00:53.595, 2Gb)
Jekyll: Generating...                                                                                (00:00.000 / 00:53.596, 2Gb)
Jekyll: done in 0.813 seconds.                                                                       (00:00.811 / 00:54.408, 2Gb)
[39m
[0;39m[39mInstalling smart.who.int.pcmt#0.1.0
[0;39mChecking Output HTML                                                                                 (00:00.212 / 00:54.620, 2Gb)
found 764 files                                                                                      (00:00.005 / 00:54.625, 2Gb)
........................................
........................................
  ... 764 html files, 0 pages invalid xhtml (0%)                                                     (00:02.250 / 00:56.876, 2Gb)
  ... 34730 links, 6 broken links (0%)                                                               (00:00.000 / 00:56.877, 2Gb)
Generate fragment-usage-analysis.csv                                                                 (00:00.000 / 00:56.878, 2Gb)
Build final .zip                                                                                     (00:00.006 / 00:56.884, 2Gb)
Final .zip built                                                                                     (00:00.755 / 00:57.639, 2Gb)
Built. Times: loading: 00:00.726, generate: 00:42.029, narrative generation: 00:00.341, realm-rules: 00:00.000, previous-version: 00:00.000, jekyll: 00:01.173, validation: 00:14.681 (#15), template: 00:01.387 (#3) (00:03.703 / 01:01.342, 3Gb)
Generating QA                                                                                        (00:00.001 / 01:01.344, 3Gb)
Validation output in /workspace/temp/ig-builds/smart.who.int.pcmt#0.1.0-milestone/output/qa.html
Errors: 0, Warnings: 26, Info: 6, Broken Links: 6 (00:00.045 / 01:01.390, 3Gb)
Finished @ 6/25/25, 1:02 PM. Max Memory Used = 3Gb. Log file saved in /tmp/fhir-ig-publisher-tmp.log (00:00.005 / 01:01.395, 3Gb)
Keep a copy of the build directory at /workspace/temp/web-root/run-20250625/ig-build-zips/smart.who.int.pcmt#0.1.0.zip

ok. All checks passed. Publish v0.1.0 to /workspace/temp/web-root/run-20250625/pcmt/v0.1.0
Copy the IG to /workspace/temp/web-root/run-20250625/pcmt/v0.1.0
Update /workspace/temp/web-root/run-20250625/pcmt/package-list.json
Publish Box Statement: This page is part of the SMART Product Catalog (v0.1.0: Releases Draft) based on <a data-no-external="true" href="http://hl7.org/fhir/R4">FHIR (HL7® FHIR® Standard) R4</a>. This is the current published version in its permanent home (it will always be available at this URL).  For a full list of available versions, see the <a data-no-external="true" href="http://smart.who.int/pcmt/history.html">Directory of published versions</a>
  .. 128 files checked, 128 updated
  .. 33 clones checked, 66 updated
  .. 15 redirections (15 created/updated)
This is a milestone release - publish v0.1.0 to /workspace/temp/web-root/run-20250625/pcmt
Publish Box Statement: This page is part of the SMART Product Catalog (v0.1.0: Releases Draft) based on <a data-no-external="true" href="http://hl7.org/fhir/R4">FHIR (HL7® FHIR® Standard) R4</a>. This is the current published version.  For a full list of available versions, see the <a data-no-external="true" href="http://smart.who.int/pcmt/history.html">Directory of published versions</a>
  .. 128 files checked, 128 updated
  .. 33 clones checked, 66 updated
  .. 15 redirections (15 created/updated)
Check for Files to delete
  ... 0 files
Copy to new IG /workspace/temp/web-root/run-20250625/pcmt
[Fatal Error] :1:1: Content is not allowed in prolog.
Unable to process RSS feed /workspace/temp/web-root/run-20250625/publication-feed.xml as XML - processing as text instead (Content is not allowed in prolog.)
smart.who.int.pcmt (http://smart.who.int/pcmt): SMART Product Catalog @ http://worldhealthorganization.github.io/smart-pcmt
  candidate: Releases Draft 0.1.0/4.0.1 @ http://smart.who.int/pcmt/v0.1.0
Build is complete. Copy from /workspace/temp/web-root/run-20250625
Update history page at /workspace/temp/web-root/run-20250625/pcmt from /workspace/history-template and /workspace/webroot/templates
